Language-translator/app/build/intermediates/manifest_merge_blame_file/release/manifest-merger-blame-release-report.txt
1<?xml version="1.0" encoding="utf-8"?>
2<manifest xmlns:android="http://schemas.android.com/apk/res/android"
3    package="jhonr1.bit.language_translator"
4    android:versionCode="4"
5    android:versionName="1.3" >
6
7    <uses-sdk
8        android:minSdkVersion="19"
8-->src\main\AndroidManifest.xml
9        android:targetSdkVersion="29" />
9-->src\main\AndroidManifest.xml
10
11    <uses-permission android:name="android.permission.INTERNET" />
11-->src\main\AndroidManifest.xml:5:5-67
11-->src\main\AndroidManifest.xml:5:22-64
12
13    <application
13-->src\main\AndroidManifest.xml:7:5-44:19
14        android:allowBackup="true"
14-->src\main\AndroidManifest.xml:8:9-35
15        android:appComponentFactory="androidx.core.app.CoreComponentFactory"
15-->[androidx.core:core:1.0.2] AndroidManifest.xml:22:18-86
16        android:icon="@mipmap/ic_launcher"
16-->src\main\AndroidManifest.xml:9:9-43
17        android:label="@string/app_name"
17-->src\main\AndroidManifest.xml:10:9-41
18        android:roundIcon="@mipmap/ic_launcher_round"
18-->src\main\AndroidManifest.xml:11:9-54
19        android:supportsRtl="true"
19-->src\main\AndroidManifest.xml:12:9-35
20        android:theme="@style/AppTheme"
20-->src\main\AndroidManifest.xml:13:9-40
21        android:usesCleartextTraffic="true" >
21-->src\main\AndroidManifest.xml:14:9-44
22        <activity
22-->src\main\AndroidManifest.xml:15:9-23:20
23            android:name="jhonr1.bit.language_translator.activities.SplashScreenActivity"
23-->src\main\AndroidManifest.xml:16:13-60
24            android:theme="@style/AppTheme.NoActionBar" >
24-->src\main\AndroidManifest.xml:17:13-56
25            <intent-filter>
25-->src\main\AndroidManifest.xml:18:13-22:29
26                <action android:name="android.intent.action.MAIN" />
26-->src\main\AndroidManifest.xml:19:17-69
26-->src\main\AndroidManifest.xml:19:25-66
27
28                <category android:name="android.intent.category.LAUNCHER" />
28-->src\main\AndroidManifest.xml:21:17-77
28-->src\main\AndroidManifest.xml:21:27-74
29            </intent-filter>
30        </activity>
31        <activity
31-->src\main\AndroidManifest.xml:24:9-27:59
32            android:name="jhonr1.bit.language_translator.activities.QuizLanguageSelectionActivity"
32-->src\main\AndroidManifest.xml:25:13-69
33            android:label="@string/quiz_header"
33-->src\main\AndroidManifest.xml:26:13-48
34            android:theme="@style/AppTheme.NoActionBar" />
34-->src\main\AndroidManifest.xml:27:13-56
35        <activity
35-->src\main\AndroidManifest.xml:28:9-32:59
36            android:name="jhonr1.bit.language_translator.activities.ScoreActivity"
36-->src\main\AndroidManifest.xml:29:13-53
37            android:label="@string/quiz_score_header"
37-->src\main\AndroidManifest.xml:30:13-54
38            android:parentActivityName="jhonr1.bit.language_translator.activities.QuizLanguageSelectionActivity"
38-->src\main\AndroidManifest.xml:31:13-83
39            android:theme="@style/AppTheme.NoActionBar" />
39-->src\main\AndroidManifest.xml:32:13-56
40        <activity
40-->src\main\AndroidManifest.xml:33:9-36:86
41            android:name="jhonr1.bit.language_translator.activities.QuizActivity"
41-->src\main\AndroidManifest.xml:34:13-52
42            android:label="@string/quiz_header"
42-->src\main\AndroidManifest.xml:35:13-48
43            android:parentActivityName="jhonr1.bit.language_translator.activities.QuizLanguageSelectionActivity" />
43-->src\main\AndroidManifest.xml:36:13-83
44        <activity
44-->src\main\AndroidManifest.xml:37:9-40:68
45            android:name="jhonr1.bit.language_translator.activities.MainActivity"
45-->src\main\AndroidManifest.xml:38:13-52
46            android:label="@string/app_name"
46-->src\main\AndroidManifest.xml:39:13-45
47            android:theme="@style/AppTheme.NoActionBar" />
47-->src\main\AndroidManifest.xml:40:13-56
48        <activity
48-->src\main\AndroidManifest.xml:41:9-43:59
49            android:name="jhonr1.bit.language_translator.activities.TranslationActivity"
49-->src\main\AndroidManifest.xml:42:13-59
50            android:theme="@style/AppTheme.NoActionBar" />
50-->src\main\AndroidManifest.xml:43:13-56
51    </application>
52
53</manifest>